<?xml version="1.0" encoding="UTF-8" ?>
<testsuite tests="5" failures="0" name="com.salesmanager.test.shop.controller.customer.rest.CustomerRESTControllerTest" time="0.001" errors="0" skipped="5">
  <properties>
[...]
</properties>
  <testcase classname="com.salesmanager.test.shop.controller.customer.rest.CustomerRESTControllerTest" name="postCustomerOption" time="0">
    <skipped/>
  </testcase>
  <testcase classname="com.salesmanager.test.shop.controller.customer.rest.CustomerRESTControllerTest" name="postCustomerOptionValue" time="0">
    <skipped/>
  </testcase>
  <testcase classname="com.salesmanager.test.shop.controller.customer.rest.CustomerRESTControllerTest" name="getCustomers" time="0">
    <skipped/>
  </testcase>
  <testcase classname="com.salesmanager.test.shop.controller.customer.rest.CustomerRESTControllerTest" name="postCustomer" time="0">
    <skipped/>
  </testcase>
  <testcase classname="com.salesmanager.test.shop.controller.customer.rest.CustomerRESTControllerTest" name="deleteCustomer" time="0.001">
    <skipped/>
  </testcase>
</testsuite>